INFO Test worker com.maeteno.study.java.nio.FileChannelExample - RandomAccessFile
INFO Test worker com.maeteno.study.java.nio.FileChannelExample - 49
INFO Test worker com.maeteno.study.java.nio.FileChannelExample - 50
INFO Test worker com.maeteno.study.java.nio.FileChannelExample - 51
INFO Test worker com.maeteno.study.java.nio.FileChannelExample - 52
INFO Test worker com.maeteno.study.java.nio.FileChannelExample - 53
INFO Test worker com.maeteno.study.java.nio.FileChannelExample - 54
INFO Test worker com.maeteno.study.java.nio.FileChannelExample - 55
INFO Test worker com.maeteno.study.java.nio.FileChannelExample - 56
INFO Test worker com.maeteno.study.java.nio.FileChannelExample - 57
INFO Test worker com.maeteno.study.java.nio.FileChannelExample - 48
INFO Test worker com.maeteno.study.java.nio.FileChannelExample - 97
INFO Test worker com.maeteno.study.java.nio.FileChannelExample - 98
INFO Test worker com.maeteno.study.java.nio.FileChannelExample - 99
INFO Test worker com.maeteno.study.java.nio.FileChannelExample - 10
INFO Test worker com.maeteno.study.java.nio.FileChannelExample - 49
INFO Test worker com.maeteno.study.java.nio.FileChannelExample - 50
INFO Test worker com.maeteno.study.java.nio.FileChannelExample - 51
INFO Test worker com.maeteno.study.java.nio.FileChannelExample - 52
INFO Test worker com.maeteno.study.java.nio.FileChannelExample - 53
INFO Test worker com.maeteno.study.java.nio.FileChannelExample - 54
INFO Test worker com.maeteno.study.java.nio.FileChannelExample - 55
INFO Test worker com.maeteno.study.java.nio.FileChannelExample - 56
INFO Test worker com.maeteno.study.java.nio.FileChannelExample - 57
INFO Test worker com.maeteno.study.java.nio.FileChannelExample - 48
INFO Test worker com.maeteno.study.java.nio.FileChannelExample - 97
INFO Test worker com.maeteno.study.java.nio.FileChannelExample - 98
INFO Test worker com.maeteno.study.java.nio.FileChannelExample - 99
INFO Test worker com.maeteno.study.java.nio.FileChannelExample - RandomAccessFile
INFO Test worker com.maeteno.study.java.nio.FileChannelExample - 10
INFO Test worker com.maeteno.study.java.nio.FileChannelExample - 70
INFO Test worker com.maeteno.study.java.nio.FileChannelExample - 105
INFO Test worker com.maeteno.study.java.nio.FileChannelExample - 108
INFO Test worker com.maeteno.study.java.nio.FileChannelExample - 101
INFO Test worker com.maeteno.study.java.nio.FileChannelExample - 67
INFO Test worker com.maeteno.study.java.nio.FileChannelExample - 104
INFO Test worker com.maeteno.study.java.nio.FileChannelExample - 97
INFO Test worker com.maeteno.study.java.nio.FileChannelExample - 110
INFO Test worker com.maeteno.study.java.nio.FileChannelExample - 110
INFO Test worker com.maeteno.study.java.nio.FileChannelExample - 101
INFO Test worker com.maeteno.study.java.nio.FileChannelExample - 108
INFO Test worker com.maeteno.study.java.nio.FileChannelExample - 66
INFO Test worker com.maeteno.study.java.nio.FileChannelExample - 121
INFO Test worker com.maeteno.study.java.nio.FileChannelExample - 79
INFO Test worker com.maeteno.study.java.nio.FileChannelExample - 117
INFO Test worker com.maeteno.study.java.nio.FileChannelExample - 116
INFO Test worker com.maeteno.study.java.nio.FileChannelExample - 112
INFO Test worker com.maeteno.study.java.nio.FileChannelExample - 117
INFO Test worker com.maeteno.study.java.nio.FileChannelExample - 116
INFO Test worker com.maeteno.study.java.nio.FileChannelExample - 10
INFO Test worker com.maeteno.study.java.nio.FileChannelExample - 10
INFO Test worker com.maeteno.study.java.nio.FileChannelExample - 70
INFO Test worker com.maeteno.study.java.nio.FileChannelExample - 105
INFO Test worker com.maeteno.study.java.nio.FileChannelExample - 108
INFO Test worker com.maeteno.study.java.nio.FileChannelExample - 101
INFO Test worker com.maeteno.study.java.nio.FileChannelExample - 67
INFO Test worker com.maeteno.study.java.nio.FileChannelExample - 104
INFO Test worker com.maeteno.study.java.nio.FileChannelExample - 97
INFO Test worker com.maeteno.study.java.nio.FileChannelExample - 110
INFO Test worker com.maeteno.study.java.nio.FileChannelExample - 110
INFO Test worker com.maeteno.study.java.nio.FileChannelExample - 101
INFO Test worker com.maeteno.study.java.nio.FileChannelExample - 108
INFO Test worker com.maeteno.study.java.nio.FileChannelExample - 66
INFO Test worker com.maeteno.study.java.nio.FileChannelExample - 121
INFO Test worker com.maeteno.study.java.nio.FileChannelExample - 79
INFO Test worker com.maeteno.study.java.nio.FileChannelExample - 117
INFO Test worker com.maeteno.study.java.nio.FileChannelExample - 116
INFO Test worker com.maeteno.study.java.nio.FileChannelExample - 112
INFO Test worker com.maeteno.study.java.nio.FileChannelExample - 117
INFO Test worker com.maeteno.study.java.nio.FileChannelExample - 116
INFO Test worker com.maeteno.study.java.nio.FileChannelExample - 117
INFO Test worker com.maeteno.study.java.nio.FileChannelExample - 116
INFO Test worker com.maeteno.study.java.nio.FileChannelExample - 112
INFO Test worker com.maeteno.study.java.nio.FileChannelExample - 117
INFO Test worker com.maeteno.study.java.nio.FileChannelExample - 116
INFO Test worker com.maeteno.study.java.nio.FileChannelExample - 83
INFO Test worker com.maeteno.study.java.nio.FileChannelExample - 116
INFO Test worker com.maeteno.study.java.nio.FileChannelExample - 114
INFO Test worker com.maeteno.study.java.nio.FileChannelExample - 101
INFO Test worker com.maeteno.study.java.nio.FileChannelExample - 97
INFO Test worker com.maeteno.study.java.nio.FileChannelExample - 109
ERROR Test worker com.maeteno.study.java.nio.FileChannelExample - IOException:
java.io.FileNotFoundException: /Users/alan/Workspaces/maeteno/jvm-learning-notes/java-io/build/resources/main/demo.txt/../demo-1.txt (Not a directory)
	at java.io.FileOutputStream.open0(Native Method)
	at java.io.FileOutputStream.open(FileOutputStream.java:270)
	at java.io.FileOutputStream.<init>(FileOutputStream.java:213)
	at java.io.FileOutputStream.<init>(FileOutputStream.java:101)
	at com.maeteno.study.java.nio.FileChannelExample.fileChannelByOutputStream(FileChannelExample.java:49)
	at com.maeteno.study.java.nio.FileChannelExampleTest.fileChannelByOutputStream(FileChannelExampleTest.java:23)
	at sun.reflect.NativeMethodAccessorImpl.invoke0(Native Method)
	at sun.reflect.NativeMethodAccessorImpl.invoke(NativeMethodAccessorImpl.java:62)
	at sun.reflect.DelegatingMethodAccessorImpl.invoke(DelegatingMethodAccessorImpl.java:43)
	at java.lang.reflect.Method.invoke(Method.java:498)
	at org.junit.platform.commons.util.ReflectionUtils.invokeMethod(ReflectionUtils.java:686)
	at org.junit.jupiter.engine.execution.MethodInvocation.proceed(MethodInvocation.java:60)
	at org.junit.jupiter.engine.execution.InvocationInterceptorChain$ValidatingInvocation.proceed(InvocationInterceptorChain.java:131)
	at org.junit.jupiter.engine.extension.TimeoutExtension.intercept(TimeoutExtension.java:149)
	at org.junit.jupiter.engine.extension.TimeoutExtension.interceptTestableMethod(TimeoutExtension.java:140)
	at org.junit.jupiter.engine.extension.TimeoutExtension.interceptTestMethod(TimeoutExtension.java:84)
	at org.junit.jupiter.engine.execution.ExecutableInvoker$ReflectiveInterceptorCall.lambda$ofVoidMethod$0(ExecutableInvoker.java:115)
	at org.junit.jupiter.engine.execution.ExecutableInvoker.lambda$invoke$0(ExecutableInvoker.java:105)
	at org.junit.jupiter.engine.execution.InvocationInterceptorChain$InterceptedInvocation.proceed(InvocationInterceptorChain.java:106)
	at org.junit.jupiter.engine.execution.InvocationInterceptorChain.proceed(InvocationInterceptorChain.java:64)
	at org.junit.jupiter.engine.execution.InvocationInterceptorChain.chainAndInvoke(InvocationInterceptorChain.java:45)
	at org.junit.jupiter.engine.execution.InvocationInterceptorChain.invoke(InvocationInterceptorChain.java:37)
	at org.junit.jupiter.engine.execution.ExecutableInvoker.invoke(ExecutableInvoker.java:104)
	at org.junit.jupiter.engine.execution.ExecutableInvoker.invoke(ExecutableInvoker.java:98)
	at org.junit.jupiter.engine.descriptor.TestMethodTestDescriptor.lambda$invokeTestMethod$6(TestMethodTestDescriptor.java:205)
	at org.junit.platform.engine.support.hierarchical.ThrowableCollector.execute(ThrowableCollector.java:73)
	at org.junit.jupiter.engine.descriptor.TestMethodTestDescriptor.invokeTestMethod(TestMethodTestDescriptor.java:201)
	at org.junit.jupiter.engine.descriptor.TestMethodTestDescriptor.execute(TestMethodTestDescriptor.java:137)
	at org.junit.jupiter.engine.descriptor.TestMethodTestDescriptor.execute(TestMethodTestDescriptor.java:71)
	at org.junit.platform.engine.support.hierarchical.NodeTestTask.lambda$executeRecursively$5(NodeTestTask.java:135)
	at org.junit.platform.engine.support.hierarchical.ThrowableCollector.execute(ThrowableCollector.java:73)
	at org.junit.platform.engine.support.hierarchical.NodeTestTask.lambda$executeRecursively$7(NodeTestTask.java:125)
	at org.junit.platform.engine.support.hierarchical.Node.around(Node.java:135)
	at org.junit.platform.engine.support.hierarchical.NodeTestTask.lambda$executeRecursively$8(NodeTestTask.java:123)
	at org.junit.platform.engine.support.hierarchical.ThrowableCollector.execute(ThrowableCollector.java:73)
	at org.junit.platform.engine.support.hierarchical.NodeTestTask.executeRecursively(NodeTestTask.java:122)
	at org.junit.platform.engine.support.hierarchical.NodeTestTask.execute(NodeTestTask.java:80)
	at java.util.ArrayList.forEach(ArrayList.java:1259)
	at org.junit.platform.engine.support.hierarchical.SameThreadHierarchicalTestExecutorService.invokeAll(SameThreadHierarchicalTestExecutorService.java:38)
	at org.junit.platform.engine.support.hierarchical.NodeTestTask.lambda$executeRecursively$5(NodeTestTask.java:139)
	at org.junit.platform.engine.support.hierarchical.ThrowableCollector.execute(ThrowableCollector.java:73)
	at org.junit.platform.engine.support.hierarchical.NodeTestTask.lambda$executeRecursively$7(NodeTestTask.java:125)
	at org.junit.platform.engine.support.hierarchical.Node.around(Node.java:135)
	at org.junit.platform.engine.support.hierarchical.NodeTestTask.lambda$executeRecursively$8(NodeTestTask.java:123)
	at org.junit.platform.engine.support.hierarchical.ThrowableCollector.execute(ThrowableCollector.java:73)
	at org.junit.platform.engine.support.hierarchical.NodeTestTask.executeRecursively(NodeTestTask.java:122)
	at org.junit.platform.engine.support.hierarchical.NodeTestTask.execute(NodeTestTask.java:80)
	at java.util.ArrayList.forEach(ArrayList.java:1259)
	at org.junit.platform.engine.support.hierarchical.SameThreadHierarchicalTestExecutorService.invokeAll(SameThreadHierarchicalTestExecutorService.java:38)
	at org.junit.platform.engine.support.hierarchical.NodeTestTask.lambda$executeRecursively$5(NodeTestTask.java:139)
	at org.junit.platform.engine.support.hierarchical.ThrowableCollector.execute(ThrowableCollector.java:73)
	at org.junit.platform.engine.support.hierarchical.NodeTestTask.lambda$executeRecursively$7(NodeTestTask.java:125)
	at org.junit.platform.engine.support.hierarchical.Node.around(Node.java:135)
	at org.junit.platform.engine.support.hierarchical.NodeTestTask.lambda$executeRecursively$8(NodeTestTask.java:123)
	at org.junit.platform.engine.support.hierarchical.ThrowableCollector.execute(ThrowableCollector.java:73)
	at org.junit.platform.engine.support.hierarchical.NodeTestTask.executeRecursively(NodeTestTask.java:122)
	at org.junit.platform.engine.support.hierarchical.NodeTestTask.execute(NodeTestTask.java:80)
	at org.junit.platform.engine.support.hierarchical.SameThreadHierarchicalTestExecutorService.submit(SameThreadHierarchicalTestExecutorService.java:32)
	at org.junit.platform.engine.support.hierarchical.HierarchicalTestExecutor.execute(HierarchicalTestExecutor.java:57)
	at org.junit.platform.engine.support.hierarchical.HierarchicalTestEngine.execute(HierarchicalTestEngine.java:51)
	at org.junit.platform.launcher.core.EngineExecutionOrchestrator.execute(EngineExecutionOrchestrator.java:108)
	at org.junit.platform.launcher.core.EngineExecutionOrchestrator.execute(EngineExecutionOrchestrator.java:88)
	at org.junit.platform.launcher.core.EngineExecutionOrchestrator.lambda$execute$0(EngineExecutionOrchestrator.java:54)
	at org.junit.platform.launcher.core.EngineExecutionOrchestrator.withInterceptedStreams(EngineExecutionOrchestrator.java:67)
	at org.junit.platform.launcher.core.EngineExecutionOrchestrator.execute(EngineExecutionOrchestrator.java:52)
	at org.junit.platform.launcher.core.DefaultLauncher.execute(DefaultLauncher.java:96)
	at org.junit.platform.launcher.core.DefaultLauncher.execute(DefaultLauncher.java:75)
	at org.gradle.api.internal.tasks.testing.junitplatform.JUnitPlatformTestClassProcessor$CollectAllTestClassesExecutor.processAllTestClasses(JUnitPlatformTestClassProcessor.java:99)
	at org.gradle.api.internal.tasks.testing.junitplatform.JUnitPlatformTestClassProcessor$CollectAllTestClassesExecutor.access$000(JUnitPlatformTestClassProcessor.java:79)
	at org.gradle.api.internal.tasks.testing.junitplatform.JUnitPlatformTestClassProcessor.stop(JUnitPlatformTestClassProcessor.java:75)
	at org.gradle.api.internal.tasks.testing.SuiteTestClassProcessor.stop(SuiteTestClassProcessor.java:61)
	at sun.reflect.NativeMethodAccessorImpl.invoke0(Native Method)
	at sun.reflect.NativeMethodAccessorImpl.invoke(NativeMethodAccessorImpl.java:62)
	at sun.reflect.DelegatingMethodAccessorImpl.invoke(DelegatingMethodAccessorImpl.java:43)
	at java.lang.reflect.Method.invoke(Method.java:498)
	at org.gradle.internal.dispatch.ReflectionDispatch.dispatch(ReflectionDispatch.java:36)
	at org.gradle.internal.dispatch.ReflectionDispatch.dispatch(ReflectionDispatch.java:24)
	at org.gradle.internal.dispatch.ContextClassLoaderDispatch.dispatch(ContextClassLoaderDispatch.java:33)
	at org.gradle.internal.dispatch.ProxyDispatchAdapter$DispatchingInvocationHandler.invoke(ProxyDispatchAdapter.java:94)
	at com.sun.proxy.$Proxy2.stop(Unknown Source)
	at org.gradle.api.internal.tasks.testing.worker.TestWorker.stop(TestWorker.java:133)
	at sun.reflect.NativeMethodAccessorImpl.invoke0(Native Method)
	at sun.reflect.NativeMethodAccessorImpl.invoke(NativeMethodAccessorImpl.java:62)
	at sun.reflect.DelegatingMethodAccessorImpl.invoke(DelegatingMethodAccessorImpl.java:43)
	at java.lang.reflect.Method.invoke(Method.java:498)
	at org.gradle.internal.dispatch.ReflectionDispatch.dispatch(ReflectionDispatch.java:36)
	at org.gradle.internal.dispatch.ReflectionDispatch.dispatch(ReflectionDispatch.java:24)
	at org.gradle.internal.remote.internal.hub.MessageHubBackedObjectConnection$DispatchWrapper.dispatch(MessageHubBackedObjectConnection.java:182)
	at org.gradle.internal.remote.internal.hub.MessageHubBackedObjectConnection$DispatchWrapper.dispatch(MessageHubBackedObjectConnection.java:164)
	at org.gradle.internal.remote.internal.hub.MessageHub$Handler.run(MessageHub.java:414)
	at org.gradle.internal.concurrent.ExecutorPolicy$CatchAndRecordFailures.onExecute(ExecutorPolicy.java:64)
	at org.gradle.internal.concurrent.ManagedExecutorImpl$1.run(ManagedExecutorImpl.java:48)
	at java.util.concurrent.ThreadPoolExecutor.runWorker(ThreadPoolExecutor.java:1149)
	at java.util.concurrent.ThreadPoolExecutor$Worker.run(ThreadPoolExecutor.java:624)
	at org.gradle.internal.concurrent.ThreadFactoryImpl$ManagedThreadRunnable.run(ThreadFactoryImpl.java:56)
	at java.lang.Thread.run(Thread.java:748)
INFO Test worker com.maeteno.study.java.nio.FileChannelExample - RandomAccessFile
INFO Test worker com.maeteno.study.java.nio.FileChannelExample - 49
INFO Test worker com.maeteno.study.java.nio.FileChannelExample - 50
INFO Test worker com.maeteno.study.java.nio.FileChannelExample - 51
INFO Test worker com.maeteno.study.java.nio.FileChannelExample - 52
INFO Test worker com.maeteno.study.java.nio.FileChannelExample - 53
INFO Test worker com.maeteno.study.java.nio.FileChannelExample - 54
INFO Test worker com.maeteno.study.java.nio.FileChannelExample - 55
INFO Test worker com.maeteno.study.java.nio.FileChannelExample - 56
INFO Test worker com.maeteno.study.java.nio.FileChannelExample - 57
INFO Test worker com.maeteno.study.java.nio.FileChannelExample - 48
INFO Test worker com.maeteno.study.java.nio.FileChannelExample - 97
INFO Test worker com.maeteno.study.java.nio.FileChannelExample - 98
INFO Test worker com.maeteno.study.java.nio.FileChannelExample - 99
INFO Test worker com.maeteno.study.java.nio.FileChannelExample - 10
INFO Test worker com.maeteno.study.java.nio.FileChannelExample - 49
INFO Test worker com.maeteno.study.java.nio.FileChannelExample - 50
INFO Test worker com.maeteno.study.java.nio.FileChannelExample - 51
INFO Test worker com.maeteno.study.java.nio.FileChannelExample - 52
INFO Test worker com.maeteno.study.java.nio.FileChannelExample - 53
INFO Test worker com.maeteno.study.java.nio.FileChannelExample - 54
INFO Test worker com.maeteno.study.java.nio.FileChannelExample - 55
INFO Test worker com.maeteno.study.java.nio.FileChannelExample - 56
INFO Test worker com.maeteno.study.java.nio.FileChannelExample - 57
INFO Test worker com.maeteno.study.java.nio.FileChannelExample - 48
INFO Test worker com.maeteno.study.java.nio.FileChannelExample - 97
INFO Test worker com.maeteno.study.java.nio.FileChannelExample - 98
INFO Test worker com.maeteno.study.java.nio.FileChannelExample - 99
